#
# There is insufficient memory for the Java Runtime Environment to continue.
# Native memory allocation (malloc) failed to allocate 967216 bytes. Error detail: Chunk::new
# Possible reasons:
#   The system is out of physical RAM or swap space
#   This process is running with CompressedOops enabled, and the Java Heap may be blocking the growth of the native heap
# Possible solutions:
#   Reduce memory load on the system
#   Increase physical memory or swap space
#   Check if swap backing store is full
#   Decrease Java heap size (-Xmx/-Xms)
#   Decrease number of Java threads
#   Decrease Java thread stack sizes (-Xss)
#   Set larger code cache with -XX:ReservedCodeCacheSize=
#   JVM is running with Unscaled Compressed Oops mode in which the Java heap is
#     placed in the first 4GB address space. The Java Heap base address is the
#     maximum limit for the native heap growth. Please use -XX:HeapBaseMinAddress
#     to set the Java Heap base and to place the Java Heap above 4GB virtual address.
# This output file may be truncated or incomplete.
#
#  Out of Memory Error (arena.cpp:168), pid=20372, tid=16964
#
# JRE version: OpenJDK Runtime Environment (21.0.10) (build 21.0.10+-14961533-b1163.108)
# Java VM: OpenJDK 64-Bit Server VM (21.0.10+-14961533-b1163.108, mixed mode, tiered, compressed oops, compressed class ptrs, g1 gc, windows-amd64)
# No core dump will be written. Minidumps are not enabled by default on client versions of Windows
#

---------------  S U M M A R Y ------------

Command Line: org.jetbrains.kotlin.cli.jvm.K2JVMCompiler @C:\Users\Admin\AndroidStudioProjects\MyApplication\app\build\20260618_17088211719843102490.compiler.options

Host: Intel(R) Core(TM) i5-8250U CPU @ 1.60GHz, 8 cores, 3G,  Windows 11 , 64 bit Build 26100 (10.0.26100.8521)
Time: Thu Jun 18 13:34:05 2026 India Standard Time elapsed time: 19.653662 seconds (0d 0h 0m 19s)

---------------  T H R E A D  ---------------

Current thread (0x000001b9fe4710f0):  JavaThread "C2 CompilerThread0" daemon [_thread_in_native, id=16964, stack(0x0000005b16b00000,0x0000005b16c00000) (1024K)]


Current CompileTask:
C2:19654 3461   !   4       java.net.URL::<init> (543 bytes)

Stack: [0x0000005b16b00000,0x0000005b16c00000]
Native frames: (J=compiled Java code, j=interpreted, Vv=VM code, C=native code)
V  [jvm.dll+0x6d78a9]
V  [jvm.dll+0x8665b3]
V  [jvm.dll+0x868bde]
V  [jvm.dll+0x8692c3]
V  [jvm.dll+0x280ee6]
V  [jvm.dll+0xc07cd]
V  [jvm.dll+0xc0d03]
V  [jvm.dll+0x3ba091]
V  [jvm.dll+0x385df7]
V  [jvm.dll+0x38526a]
V  [jvm.dll+0x249bd2]
V  [jvm.dll+0x2491a1]
V  [jvm.dll+0x1c76e4]
V  [jvm.dll+0x25891e]
V  [jvm.dll+0x256e66]
V  [jvm.dll+0x3f513e]
V  [jvm.dll+0x80fd28]
V  [jvm.dll+0x6d60fd]
C  [ucrtbase.dll+0x2cd30]
C  [KERNEL32.DLL+0x2e957]
C  [ntdll.dll+0x87c1c]


---------------  P R O C E S S  ---------------

Threads class SMR info:
_java_thread_list=0x000001b9fe612760, length=11, elements={
0x000001b9e5ceb340, 0x000001b9fe40b690, 0x000001b9fe43aab0, 0x000001b9fe45b700,
0x000001b9fe45ef00, 0x000001b9fe45f960, 0x000001b9fe460f30, 0x000001b9fe46dc70,
0x000001b9fe4710f0, 0x000001b9fe471b90, 0x000001b9fe614b40
}

Java Threads: ( => current thread )
  0x000001b9e5ceb340 JavaThread "main"                              [_thread_in_vm, id=6568, stack(0x0000005b15c00000,0x0000005b15d00000) (1024K)]
  0x000001b9fe40b690 JavaThread "Common-Cleaner"             daemon [_thread_blocked, id=16060, stack(0x0000005b16400000,0x0000005b16500000) (1024K)]
  0x000001b9fe43aab0 JavaThread "Reference Handler"          daemon [_thread_blocked, id=19604, stack(0x0000005b16500000,0x0000005b16600000) (1024K)]
  0x000001b9fe45b700 JavaThread "Finalizer"                  daemon [_thread_blocked, id=17676, stack(0x0000005b16600000,0x0000005b16700000) (1024K)]
  0x000001b9fe45ef00 JavaThread "Signal Dispatcher"          daemon [_thread_blocked, id=13536, stack(0x0000005b16700000,0x0000005b16800000) (1024K)]
  0x000001b9fe45f960 JavaThread "Attach Listener"            daemon [_thread_blocked, id=10084, stack(0x0000005b16800000,0x0000005b16900000) (1024K)]
  0x000001b9fe460f30 JavaThread "Service Thread"             daemon [_thread_blocked, id=4220, stack(0x0000005b16900000,0x0000005b16a00000) (1024K)]
  0x000001b9fe46dc70 JavaThread "Monitor Deflation Thread"   daemon [_thread_blocked, id=16656, stack(0x0000005b16a00000,0x0000005b16b00000) (1024K)]
=>0x000001b9fe4710f0 JavaThread "C2 CompilerThread0"         daemon [_thread_in_native, id=16964, stack(0x0000005b16b00000,0x0000005b16c00000) (1024K)]
  0x000001b9fe471b90 JavaThread "C1 CompilerThread0"         daemon [_thread_blocked, id=13548, stack(0x0000005b16c00000,0x0000005b16d00000) (1024K)]
  0x000001b9fe614b40 JavaThread "Notification Thread"        daemon [_thread_blocked, id=15496, stack(0x0000005b16d00000,0x0000005b16e00000) (1024K)]
Total: 11

Other Threads:
  0x000001b9fe2bcd50 VMThread "VM Thread"                           [id=5304, stack(0x0000005b16300000,0x0000005b16400000) (1024K)]
  0x000001b9fe226960 WatcherThread "VM Periodic Task Thread"        [id=16104, stack(0x0000005b16200000,0x0000005b16300000) (1024K)]
  0x000001b9e5fcff80 WorkerThread "GC Thread#0"                     [id=17460, stack(0x0000005b15d00000,0x0000005b15e00000) (1024K)]
  0x000001b9fedb0320 WorkerThread "GC Thread#1"                     [id=12428, stack(0x0000005b16e00000,0x0000005b16f00000) (1024K)]
  0x000001b9feddc7e0 WorkerThread "GC Thread#2"                     [id=12556, stack(0x0000005b16f00000,0x0000005b17000000) (1024K)]
  0x000001b9feddcb90 WorkerThread "GC Thread#3"                     [id=13752, stack(0x0000005b17000000,0x0000005b17100000) (1024K)]
  0x000001b9feddcf40 WorkerThread "GC Thread#4"                     [id=9088, stack(0x0000005b17100000,0x0000005b17200000) (1024K)]
  0x000001b9feddd2f0 WorkerThread "GC Thread#5"                     [id=4484, stack(0x0000005b17200000,0x0000005b17300000) (1024K)]
  0x000001b9841c4b30 WorkerThread "GC Thread#6"                     [id=12080, stack(0x0000005b17300000,0x0000005b17400000) (1024K)]
  0x000001b9841e1970 WorkerThread "GC Thread#7"                     [id=16296, stack(0x0000005b17400000,0x0000005b17500000) (1024K)]
  0x000001b9e5fdb9b0 ConcurrentGCThread "G1 Main Marker"            [id=13684, stack(0x0000005b15e00000,0x0000005b15f00000) (1024K)]
  0x000001b9e5fdc4c0 WorkerThread "G1 Conc#0"                       [id=13292, stack(0x0000005b15f00000,0x0000005b16000000) (1024K)]
  0x000001b984262310 WorkerThread "G1 Conc#1"                       [id=6340, stack(0x0000005b17500000,0x0000005b17600000) (1024K)]
  0x000001b9e604e5e0 ConcurrentGCThread "G1 Refine#0"               [id=5748, stack(0x0000005b16000000,0x0000005b16100000) (1024K)]
  0x000001b9fe0f9210 ConcurrentGCThread "G1 Service"                [id=17948, stack(0x0000005b16100000,0x0000005b16200000) (1024K)]
Total: 15

Threads with active compile tasks:
C2 CompilerThread0  19730 3461   !   4       java.net.URL::<init> (543 bytes)
Total: 1

VM state: not at safepoint (normal execution)

VM Mutex/Monitor currently owned by a thread: None

Heap address: 0x00000000c1e00000, size: 994 MB, Compressed Oops mode: 32-bit

CDS archive(s) not mapped
Compressed class space mapped at: 0x0000000100000000-0x0000000140000000, reserved size: 1073741824
Narrow klass base: 0x0000000000000000, Narrow klass shift: 3, Narrow klass range: 0x140000000

GC Precious Log:
 CardTable entry size: 512
 Card Set container configuration: InlinePtr #cards 5 size 8 Array Of Cards #cards 12 size 40 Howl #buckets 4 coarsen threshold 1843 Howl Bitmap #cards 512 size 80 coarsen threshold 460 Card regions per heap region 1 cards per card region 2048
 CPUs: 8 total, 8 available
 Memory: 3973M
 Large Page Support: Disabled
 NUMA Support: Disabled
 Compressed Oops: Enabled (32-bit)
 Heap Region Size: 1M
 Heap Min Capacity: 8M
 Heap Initial Capacity: 64M
 Heap Max Capacity: 994M
 Pre-touch: Disabled
 Parallel Workers: 8
 Concurrent Workers: 2
 Concurrent Refinement Workers: 8
 Periodic GC: Disabled

Heap:
 garbage-first heap   total 75776K, used 63064K [0x00000000c1e00000, 0x0000000100000000)
  region size 1024K, 42 young (43008K), 2 survivors (2048K)
 Metaspace       used 50183K, committed 50944K, reserved 1114112K
  class space    used 6090K, committed 6464K, reserved 1048576K

Heap Regions: E=young(eden), S=young(survivor), O=old, HS=humongous(starts), HC=humongous(continues), CS=collection set, F=free, TAMS=top-at-mark-start, PB=parsable bottom
|   0|0x00000000c1e00000, 0x00000000c1f00000, 0x00000000c1f00000|100%|HS|  |TAMS 0x00000000c1e00000| PB 0x00000000c1e00000| Complete 
|   1|0x00000000c1f00000, 0x00000000c2000000, 0x00000000c2000000|100%|HC|  |TAMS 0x00000000c1f00000| PB 0x00000000c1f00000| Complete 
|   2|0x00000000c2000000, 0x00000000c2100000, 0x00000000c2100000|100%|HC|  |TAMS 0x00000000c2000000| PB 0x00000000c2000000| Complete 
|   3|0x00000000c2100000, 0x00000000c2200000, 0x00000000c2200000|100%| O|  |TAMS 0x00000000c2100000| PB 0x00000000c2100000| Untracked 
|   4|0x00000000c2200000, 0x00000000c2300000, 0x00000000c2300000|100%| O|  |TAMS 0x00000000c2200000| PB 0x00000000c2200000| Untracked 
|   5|0x00000000c2300000, 0x00000000c2400000, 0x00000000c2400000|100%| O|  |TAMS 0x00000000c2300000| PB 0x00000000c2300000| Untracked 
|   6|0x00000000c2400000, 0x00000000c2500000, 0x00000000c2500000|100%| O|  |TAMS 0x00000000c2400000| PB 0x00000000c2400000| Untracked 
|   7|0x00000000c2500000, 0x00000000c2600000, 0x00000000c2600000|100%| O|  |TAMS 0x00000000c2500000| PB 0x00000000c2500000| Untracked 
|   8|0x00000000c2600000, 0x00000000c2700000, 0x00000000c2700000|100%| O|  |TAMS 0x00000000c2600000| PB 0x00000000c2600000| Untracked 
|   9|0x00000000c2700000, 0x00000000c2800000, 0x00000000c2800000|100%| O|  |TAMS 0x00000000c2700000| PB 0x00000000c2700000| Untracked 
|  10|0x00000000c2800000, 0x00000000c2800000, 0x00000000c2900000|  0%| F|  |TAMS 0x00000000c2800000| PB 0x00000000c2800000| Untracked 
|  11|0x00000000c2900000, 0x00000000c2a00000, 0x00000000c2a00000|100%| O|  |TAMS 0x00000000c2900000| PB 0x00000000c2900000| Untracked 
|  12|0x00000000c2a00000, 0x00000000c2b00000, 0x00000000c2b00000|100%| O|  |TAMS 0x00000000c2a00000| PB 0x00000000c2a00000| Untracked 
|  13|0x00000000c2b00000, 0x00000000c2c00000, 0x00000000c2c00000|100%| O|  |TAMS 0x00000000c2b00000| PB 0x00000000c2b00000| Untracked 
|  14|0x00000000c2c00000, 0x00000000c2c96240, 0x00000000c2d00000| 58%| O|Cm|TAMS 0x00000000c2c00000| PB 0x00000000c2c00000| Complete 
|  15|0x00000000c2d00000, 0x00000000c2e00000, 0x00000000c2e00000|100%| O|  |TAMS 0x00000000c2d00000| PB 0x00000000c2d00000| Untracked 
|  16|0x00000000c2e00000, 0x00000000c2f00000, 0x00000000c2f00000|100%| O|  |TAMS 0x00000000c2e00000| PB 0x00000000c2e00000| Untracked 
|  17|0x00000000c2f00000, 0x00000000c3000000, 0x00000000c3000000|100%| O|  |TAMS 0x00000000c2f00000| PB 0x00000000c2f00000| Untracked 
|  18|0x00000000c3000000, 0x00000000c3000000, 0x00000000c3100000|  0%| F|  |TAMS 0x00000000c3000000| PB 0x00000000c3000000| Untracked 
|  19|0x00000000c3100000, 0x00000000c3200000, 0x00000000c3200000|100%| O|  |TAMS 0x00000000c3100000| PB 0x00000000c3100000| Untracked 
|  20|0x00000000c3200000, 0x00000000c3300000, 0x00000000c3300000|100%|HS|  |TAMS 0x00000000c3200000| PB 0x00000000c3200000| Complete 
|  21|0x00000000c3300000, 0x00000000c3400000, 0x00000000c3400000|100%|HC|  |TAMS 0x00000000c3300000| PB 0x00000000c3300000| Complete 
|  22|0x00000000c3400000, 0x00000000c3500000, 0x00000000c3500000|100%| S|CS|TAMS 0x00000000c3400000| PB 0x00000000c3400000| Complete 
|  23|0x00000000c3500000, 0x00000000c3600000, 0x00000000c3600000|100%| S|CS|TAMS 0x00000000c3500000| PB 0x00000000c3500000| Complete 
|  24|0x00000000c3600000, 0x00000000c3600000, 0x00000000c3700000|  0%| F|  |TAMS 0x00000000c3600000| PB 0x00000000c3600000| Untracked 
|  25|0x00000000c3700000, 0x00000000c3700000, 0x00000000c3800000|  0%| F|  |TAMS 0x00000000c3700000| PB 0x00000000c3700000| Untracked 
|  26|0x00000000c3800000, 0x00000000c3800000, 0x00000000c3900000|  0%| F|  |TAMS 0x00000000c3800000| PB 0x00000000c3800000| Untracked 
|  27|0x00000000c3900000, 0x00000000c3900000, 0x00000000c3a00000|  0%| F|  |TAMS 0x00000000c3900000| PB 0x00000000c3900000| Untracked 
|  28|0x00000000c3a00000, 0x00000000c3a00000, 0x00000000c3b00000|  0%| F|  |TAMS 0x00000000c3a00000| PB 0x00000000c3a00000| Untracked 
|  29|0x00000000c3b00000, 0x00000000c3b00000, 0x00000000c3c00000|  0%| F|  |TAMS 0x00000000c3b00000| PB 0x00000000c3b00000| Untracked 
|  30|0x00000000c3c00000, 0x00000000c3c00000, 0x00000000c3d00000|  0%| F|  |TAMS 0x00000000c3c00000| PB 0x00000000c3c00000| Untracked 
|  31|0x00000000c3d00000, 0x00000000c3d00000, 0x00000000c3e00000|  0%| F|  |TAMS 0x00000000c3d00000| PB 0x00000000c3d00000| Untracked 
|  32|0x00000000c3e00000, 0x00000000c3e96290, 0x00000000c3f00000| 58%| E|  |TAMS 0x00000000c3e00000| PB 0x00000000c3e00000| Complete 
|  33|0x00000000c3f00000, 0x00000000c4000000, 0x00000000c4000000|100%| E|CS|TAMS 0x00000000c3f00000| PB 0x00000000c3f00000| Complete 
|  34|0x00000000c4000000, 0x00000000c4100000, 0x00000000c4100000|100%| E|CS|TAMS 0x00000000c4000000| PB 0x00000000c4000000| Complete 
|  35|0x00000000c4100000, 0x00000000c4200000, 0x00000000c4200000|100%| E|CS|TAMS 0x00000000c4100000| PB 0x00000000c4100000| Complete 
|  36|0x00000000c4200000, 0x00000000c4300000, 0x00000000c4300000|100%| E|CS|TAMS 0x00000000c4200000| PB 0x00000000c4200000| Complete 
|  37|0x00000000c4300000, 0x00000000c4400000, 0x00000000c4400000|100%| E|CS|TAMS 0x00000000c4300000| PB 0x00000000c4300000| Complete 
|  38|0x00000000c4400000, 0x00000000c4500000, 0x00000000c4500000|100%| E|CS|TAMS 0x00000000c4400000| PB 0x00000000c4400000| Complete 
|  39|0x00000000c4500000, 0x00000000c4600000, 0x00000000c4600000|100%| E|  |TAMS 0x00000000c4500000| PB 0x00000000c4500000| Complete 
|  40|0x00000000c4600000, 0x00000000c4700000, 0x00000000c4700000|100%| E|CS|TAMS 0x00000000c4600000| PB 0x00000000c4600000| Complete 
|  41|0x00000000c4700000, 0x00000000c4800000, 0x00000000c4800000|100%| E|CS|TAMS 0x00000000c4700000| PB 0x00000000c4700000| Complete 
|  42|0x00000000c4800000, 0x00000000c4900000, 0x00000000c4900000|100%| E|CS|TAMS 0x00000000c4800000| PB 0x00000000c4800000| Complete 
|  43|0x00000000c4900000, 0x00000000c4a00000, 0x00000000c4a00000|100%| E|CS|TAMS 0x00000000c4900000| PB 0x00000000c4900000| Complete 
|  44|0x00000000c4a00000, 0x00000000c4b00000, 0x00000000c4b00000|100%| E|CS|TAMS 0x00000000c4a00000| PB 0x00000000c4a00000| Complete 
|  45|0x00000000c4b00000, 0x00000000c4c00000, 0x00000000c4c00000|100%| E|CS|TAMS 0x00000000c4b00000| PB 0x00000000c4b00000| Complete 
|  46|0x00000000c4c00000, 0x00000000c4d00000, 0x00000000c4d00000|100%| E|CS|TAMS 0x00000000c4c00000| PB 0x00000000c4c00000| Complete 
|  47|0x00000000c4d00000, 0x00000000c4e00000, 0x00000000c4e00000|100%| E|CS|TAMS 0x00000000c4d00000| PB 0x00000000c4d00000| Complete 
|  48|0x00000000c4e00000, 0x00000000c4f00000, 0x00000000c4f00000|100%| E|CS|TAMS 0x00000000c4e00000| PB 0x00000000c4e00000| Complete 
|  49|0x00000000c4f00000, 0x00000000c5000000, 0x00000000c5000000|100%| E|CS|TAMS 0x00000000c4f00000| PB 0x00000000c4f00000| Complete 
|  50|0x00000000c5000000, 0x00000000c5100000, 0x00000000c5100000|100%| E|CS|TAMS 0x00000000c5000000| PB 0x00000000c5000000| Complete 
|  51|0x00000000c5100000, 0x00000000c5200000, 0x00000000c5200000|100%| E|CS|TAMS 0x00000000c5100000| PB 0x00000000c5100000| Complete 
|  52|0x00000000c5200000, 0x00000000c5300000, 0x00000000c5300000|100%| E|CS|TAMS 0x00000000c5200000| PB 0x00000000c5200000| Complete 
|  53|0x00000000c5300000, 0x00000000c5400000, 0x00000000c5400000|100%| E|CS|TAMS 0x00000000c5300000| PB 0x00000000c5300000| Complete 
|  54|0x00000000c5400000, 0x00000000c5500000, 0x00000000c5500000|100%| E|CS|TAMS 0x00000000c5400000| PB 0x00000000c5400000| Complete 
|  55|0x00000000c5500000, 0x00000000c5600000, 0x00000000c5600000|100%| E|CS|TAMS 0x00000000c5500000| PB 0x00000000c5500000| Complete 
|  56|0x00000000c5600000, 0x00000000c5700000, 0x00000000c5700000|100%| E|CS|TAMS 0x00000000c5600000| PB 0x00000000c5600000| Complete 
|  57|0x00000000c5700000, 0x00000000c5800000, 0x00000000c5800000|100%| E|CS|TAMS 0x00000000c5700000| PB 0x00000000c5700000| Complete 
|  58|0x00000000c5800000, 0x00000000c5900000, 0x00000000c5900000|100%| E|CS|TAMS 0x00000000c5800000| PB 0x00000000c5800000| Complete 
|  59|0x00000000c5900000, 0x00000000c5a00000, 0x00000000c5a00000|100%| E|CS|TAMS 0x00000000c5900000| PB 0x00000000c5900000| Complete 
|  60|0x00000000c5a00000, 0x00000000c5b00000, 0x00000000c5b00000|100%| E|CS|TAMS 0x00000000c5a00000| PB 0x00000000c5a00000| Complete 
|  61|0x00000000c5b00000, 0x00000000c5c00000, 0x00000000c5c00000|100%| E|CS|TAMS 0x00000000c5b00000| PB 0x00000000c5b00000| Complete 
|  62|0x00000000c5c00000, 0x00000000c5d00000, 0x00000000c5d00000|100%| E|CS|TAMS 0x00000000c5c00000| PB 0x00000000c5c00000| Complete 
|  63|0x00000000c5d00000, 0x00000000c5e00000, 0x00000000c5e00000|100%| E|CS|TAMS 0x00000000c5d00000| PB 0x00000000c5d00000| Complete 
|  64|0x00000000c5e00000, 0x00000000c5f00000, 0x00000000c5f00000|100%| E|CS|TAMS 0x00000000c5e00000| PB 0x00000000c5e00000| Complete 
|  65|0x00000000c5f00000, 0x00000000c6000000, 0x00000000c6000000|100%| E|CS|TAMS 0x00000000c5f00000| PB 0x00000000c5f00000| Complete 
|  66|0x00000000c6000000, 0x00000000c6100000, 0x00000000c6100000|100%| E|CS|TAMS 0x00000000c6000000| PB 0x00000000c6000000| Complete 
|  67|0x00000000c6100000, 0x00000000c6200000, 0x00000000c6200000|100%| E|CS|TAMS 0x00000000c6100000| PB 0x00000000c6100000| Complete 
|  68|0x00000000c6200000, 0x00000000c6300000, 0x00000000c6300000|100%| E|CS|TAMS 0x00000000c6200000| PB 0x00000000c6200000| Complete 
|  69|0x00000000c6300000, 0x00000000c6400000, 0x00000000c6400000|100%| E|CS|TAMS 0x00000000c6300000| PB 0x00000000c6300000| Complete 
|  70|0x00000000c6400000, 0x00000000c6500000, 0x00000000c6500000|100%| E|CS|TAMS 0x00000000c6400000| PB 0x00000000c6400000| Complete 
| 991|0x00000000ffd00000, 0x00000000ffe00000, 0x00000000ffe00000|100%| E|CS|TAMS 0x00000000ffd00000| PB 0x00000000ffd00000| Complete 
| 992|0x00000000ffe00000, 0x00000000fff00000, 0x00000000fff00000|100%| O|  |TAMS 0x00000000ffe00000| PB 0x00000000ffe00000| Untracked 
| 993|0x00000000fff00000, 0x0000000100000000, 0x0000000100000000|100%| O|  |TAMS 0x00000000fff00000| PB 0x00000000fff00000| Untracked 

Card table byte_map: [0x000001b9fa660000,0x000001b9fa860000] _byte_map_base: 0x000001b9fa051000

Marking Bits: (CMBitMap*) 0x000001b9e5fd1eb0
 Bits: [0x000001b9fa860000, 0x000001b9fb7e8000)

Polling page: 0x000001b9e6370000

Metaspace:

Usage:
  Non-class:     43.07 MB used.
      Class:      5.96 MB used.
       Both:     49.03 MB used.

Virtual space:
  Non-class space:       64.00 MB reserved,      43.44 MB ( 68%) committed,  1 nodes.
      Class space:        1.00 GB reserved,       6.31 MB ( <1%) committed,  1 nodes.
             Both:        1.06 GB reserved,      49.75 MB (  5%) committed. 

Chunk freelists:
   Non-Class:  3.83 MB
       Class:  9.53 MB
        Both:  13.36 MB

MaxMetaspaceSize: unlimited
CompressedClassSpaceSize: 1.00 GB
Initial GC threshold: 21.00 MB
Current GC threshold: 68.88 MB
CDS: off
 - commit_granule_bytes: 65536.
 - commit_granule_words: 8192.
 - virtual_space_node_default_size: 8388608.
 - enlarge_chunks_in_place: 1.
 - use_allocation_guard: 0.


Internal statistics:

num_allocs_failed_limit: 3.
num_arena_births: 1182.
num_arena_deaths: 0.
num_vsnodes_births: 2.
num_vsnodes_deaths: 0.
num_space_committed: 794.
num_space_uncommitted: 0.
num_chunks_returned_to_freelist: 3.
num_chunks_taken_from_freelist: 2805.
num_chunk_merges: 3.
num_chunk_splits: 2097.
num_chunks_enlarged: 1569.
num_inconsistent_stats: 0.

CodeHeap 'non-profiled nmethods': size=120000Kb used=1513Kb max_used=1513Kb free=118486Kb
 bounds [0x000001b9f24d0000, 0x000001b9f2740000, 0x000001b9f9a00000]
CodeHeap 'profiled nmethods': size=120000Kb used=6192Kb max_used=6192Kb free=113807Kb
 bounds [0x000001b9eaa00000, 0x000001b9eb010000, 0x000001b9f1f30000]
CodeHeap 'non-nmethods': size=5760Kb used=1445Kb max_used=1519Kb free=4315Kb
 bounds [0x000001b9f1f30000, 0x000001b9f21a0000, 0x000001b9f24d0000]
CodeCache: size=245760Kb, used=9150Kb, max_used=9224Kb, free=236608Kb
 total_blobs=3771, nmethods=3157, adapters=518, full_count=0
Compilation: enabled, stopped_count=0, restarted_count=0

Compilation events (20 events):
Event: 15.450 Thread 0x000001b9fe471b90 3475   !   3       java.lang.invoke.BootstrapMethodInvoker::invoke (974 bytes)
Event: 15.460 Thread 0x000001b9fe471b90 nmethod 3475 0x000001b9eaff0d10 code [0x000001b9eaff1500, 0x000001b9eaff78b8]
Event: 15.460 Thread 0x000001b9fe471b90 3476       3       java.lang.invoke.MethodHandleNatives::staticArgumentsPulled (5 bytes)
Event: 15.461 Thread 0x000001b9fe471b90 nmethod 3476 0x000001b9eaffa890 code [0x000001b9eaffaa40, 0x000001b9eaffac10]
Event: 15.461 Thread 0x000001b9fe471b90 3477       3       java.lang.invoke.BootstrapMethodInvoker::isLambdaMetafactoryIndyBSM (13 bytes)
Event: 15.461 Thread 0x000001b9fe471b90 nmethod 3477 0x000001b9eaffac90 code [0x000001b9eaffae20, 0x000001b9eaffaf68]
Event: 15.461 Thread 0x000001b9fe471b90 3479       3       java.lang.invoke.MethodHandles$Lookup::hasFullPrivilegeAccess (18 bytes)
Event: 15.461 Thread 0x000001b9fe471b90 nmethod 3479 0x000001b9eaffb010 code [0x000001b9eaffb1a0, 0x000001b9eaffb308]
Event: 15.492 Thread 0x000001b9fe471b90 3481       3       java.lang.invoke.InnerClassLambdaMetafactory::<init> (258 bytes)
Event: 15.498 Thread 0x000001b9fe471b90 nmethod 3481 0x000001b9eaffb390 code [0x000001b9eaffb7c0, 0x000001b9eaffd528]
Event: 15.498 Thread 0x000001b9fe471b90 3482       3       java.lang.invoke.AbstractValidatingLambdaMetafactory::validateMetafactoryArgs (607 bytes)
Event: 15.511 Thread 0x000001b9fe471b90 nmethod 3482 0x000001b9eaffe090 code [0x000001b9eaffeb60, 0x000001b9eb006048]
Event: 15.511 Thread 0x000001b9fe471b90 3483   !   3       java.lang.invoke.InnerClassLambdaMetafactory::buildCallSite (150 bytes)
Event: 15.517 Thread 0x000001b9fe471b90 nmethod 3483 0x000001b9eb008890 code [0x000001b9eb008c20, 0x000001b9eb00a010]
Event: 15.523 Thread 0x000001b9fe471b90 3484       3       jdk.internal.misc.CDS::isSharingEnabled (4 bytes)
Event: 15.523 Thread 0x000001b9fe471b90 nmethod 3484 0x000001b9eb00ab10 code [0x000001b9eb00aca0, 0x000001b9eb00ad90]
Event: 15.525 Thread 0x000001b9fe471b90 3485       3       org.jetbrains.kotlin.com.intellij.psi.impl.PsiManagerImpl::getProject (14 bytes)
Event: 15.526 Thread 0x000001b9fe471b90 nmethod 3485 0x000001b9eb00ae10 code [0x000001b9eb00afc0, 0x000001b9eb00b140]
Event: 15.535 Thread 0x000001b9fe471b90 3487       3       java.lang.invoke.MemberName::equals (69 bytes)
Event: 15.537 Thread 0x000001b9fe471b90 nmethod 3487 0x000001b9eb00b210 code [0x000001b9eb00b4a0, 0x000001b9eb00bfa0]

GC Heap History (20 events):
Event: 8.199 GC heap before
{Heap before GC invocations=6 (full 0):
 garbage-first heap   total 33792K, used 26624K [0x00000000c1e00000, 0x0000000100000000)
  region size 1024K, 12 young (12288K), 2 survivors (2048K)
 Metaspace       used 33453K, committed 33664K, reserved 1114112K
  class space    used 4149K, committed 4224K, reserved 1048576K
}
Event: 8.215 GC heap after
{Heap after GC invocations=7 (full 0):
 garbage-first heap   total 33792K, used 18963K [0x00000000c1e00000, 0x0000000100000000)
  region size 1024K, 2 young (2048K), 2 survivors (2048K)
 Metaspace       used 33453K, committed 33664K, reserved 1114112K
  class space    used 4149K, committed 4224K, reserved 1048576K
}
Event: 8.973 GC heap before
{Heap before GC invocations=8 (full 0):
 garbage-first heap   total 34816K, used 26131K [0x00000000c1e00000, 0x0000000100000000)
  region size 1024K, 10 young (10240K), 2 survivors (2048K)
 Metaspace       used 34439K, committed 34624K, reserved 1114112K
  class space    used 4265K, committed 4352K, reserved 1048576K
}
Event: 8.984 GC heap after
{Heap after GC invocations=9 (full 0):
 garbage-first heap   total 34816K, used 18523K [0x00000000c1e00000, 0x0000000100000000)
  region size 1024K, 2 young (2048K), 2 survivors (2048K)
 Metaspace       used 34439K, committed 34624K, reserved 1114112K
  class space    used 4265K, committed 4352K, reserved 1048576K
}
Event: 9.716 GC heap before
{Heap before GC invocations=9 (full 0):
 garbage-first heap   total 34816K, used 27739K [0x00000000c1e00000, 0x0000000100000000)
  region size 1024K, 12 young (12288K), 2 survivors (2048K)
 Metaspace       used 36560K, committed 36800K, reserved 1114112K
  class space    used 4502K, committed 4608K, reserved 1048576K
}
Event: 9.725 GC heap after
{Heap after GC invocations=10 (full 0):
 garbage-first heap   total 34816K, used 19665K [0x00000000c1e00000, 0x0000000100000000)
  region size 1024K, 2 young (2048K), 2 survivors (2048K)
 Metaspace       used 36560K, committed 36800K, reserved 1114112K
  class space    used 4502K, committed 4608K, reserved 1048576K
}
Event: 10.189 GC heap before
{Heap before GC invocations=10 (full 0):
 garbage-first heap   total 34816K, used 27857K [0x00000000c1e00000, 0x0000000100000000)
  region size 1024K, 11 young (11264K), 2 survivors (2048K)
 Metaspace       used 38458K, committed 38720K, reserved 1114112K
  class space    used 4654K, committed 4800K, reserved 1048576K
}
Event: 11.209 GC heap after
{Heap after GC invocations=11 (full 0):
 garbage-first heap   total 41984K, used 20546K [0x00000000c1e00000, 0x0000000100000000)
  region size 1024K, 1 young (1024K), 1 survivors (1024K)
 Metaspace       used 38458K, committed 38720K, reserved 1114112K
  class space    used 4654K, committed 4800K, reserved 1048576K
}
Event: 11.274 GC heap before
{Heap before GC invocations=12 (full 0):
 garbage-first heap   total 41984K, used 21570K [0x00000000c1e00000, 0x0000000100000000)
  region size 1024K, 2 young (2048K), 1 survivors (1024K)
 Metaspace       used 38696K, committed 38912K, reserved 1114112K
  class space    used 4670K, committed 4800K, reserved 1048576K
}
Event: 11.278 GC heap after
{Heap after GC invocations=13 (full 0):
 garbage-first heap   total 41984K, used 20743K [0x00000000c1e00000, 0x0000000100000000)
  region size 1024K, 1 young (1024K), 1 survivors (1024K)
 Metaspace       used 38696K, committed 38912K, reserved 1114112K
  class space    used 4670K, committed 4800K, reserved 1048576K
}
Event: 11.306 GC heap before
{Heap before GC invocations=13 (full 0):
 garbage-first heap   total 41984K, used 20743K [0x00000000c1e00000, 0x0000000100000000)
  region size 1024K, 2 young (2048K), 1 survivors (1024K)
 Metaspace       used 38850K, committed 39104K, reserved 1114112K
  class space    used 4677K, committed 4800K, reserved 1048576K
}
Event: 11.310 GC heap after
{Heap after GC invocations=14 (full 0):
 garbage-first heap   total 41984K, used 20247K [0x00000000c1e00000, 0x0000000100000000)
  region size 1024K, 1 young (1024K), 1 survivors (1024K)
 Metaspace       used 38850K, committed 39104K, reserved 1114112K
  class space    used 4677K, committed 4800K, reserved 1048576K
}
Event: 11.348 GC heap before
{Heap before GC invocations=14 (full 0):
 garbage-first heap   total 41984K, used 21271K [0x00000000c1e00000, 0x0000000100000000)
  region size 1024K, 2 young (2048K), 1 survivors (1024K)
 Metaspace       used 39072K, committed 39296K, reserved 1114112K
  class space    used 4687K, committed 4800K, reserved 1048576K
}
Event: 11.351 GC heap after
{Heap after GC invocations=15 (full 0):
 garbage-first heap   total 41984K, used 20318K [0x00000000c1e00000, 0x0000000100000000)
  region size 1024K, 1 young (1024K), 1 survivors (1024K)
 Metaspace       used 39072K, committed 39296K, reserved 1114112K
  class space    used 4687K, committed 4800K, reserved 1048576K
}
Event: 11.442 GC heap before
{Heap before GC invocations=16 (full 0):
 garbage-first heap   total 41984K, used 20318K [0x00000000c1e00000, 0x0000000100000000)
  region size 1024K, 2 young (2048K), 1 survivors (1024K)
 Metaspace       used 39390K, committed 39680K, reserved 1114112K
  class space    used 4711K, committed 4864K, reserved 1048576K
}
Event: 11.446 GC heap after
{Heap after GC invocations=17 (full 0):
 garbage-first heap   total 41984K, used 20518K [0x00000000c1e00000, 0x0000000100000000)
  region size 1024K, 1 young (1024K), 1 survivors (1024K)
 Metaspace       used 39390K, committed 39680K, reserved 1114112K
  class space    used 4711K, committed 4864K, reserved 1048576K
}
Event: 11.505 GC heap before
{Heap before GC invocations=17 (full 0):
 garbage-first heap   total 41984K, used 21542K [0x00000000c1e00000, 0x0000000100000000)
  region size 1024K, 2 young (2048K), 1 survivors (1024K)
 Metaspace       used 39678K, committed 39936K, reserved 1114112K
  class space    used 4728K, committed 4864K, reserved 1048576K
}
Event: 11.510 GC heap after
{Heap after GC invocations=18 (full 0):
 garbage-first heap   total 41984K, used 20527K [0x00000000c1e00000, 0x0000000100000000)
  region size 1024K, 1 young (1024K), 1 survivors (1024K)
 Metaspace       used 39678K, committed 39936K, reserved 1114112K
  class space    used 4728K, committed 4864K, reserved 1048576K
}
Event: 12.412 GC heap before
{Heap before GC invocations=18 (full 0):
 garbage-first heap   total 41984K, used 33839K [0x00000000c1e00000, 0x0000000100000000)
  region size 1024K, 15 young (15360K), 1 survivors (1024K)
 Metaspace       used 41750K, committed 42240K, reserved 1114112K
  class space    used 5052K, committed 5248K, reserved 1048576K
}
Event: 12.433 GC heap after
{Heap after GC invocations=19 (full 0):
 garbage-first heap   total 83968K, used 22104K [0x00000000c1e00000, 0x0000000100000000)
  region size 1024K, 2 young (2048K), 2 survivors (2048K)
 Metaspace       used 41750K, committed 42240K, reserved 1114112K
  class space    used 5052K, committed 5248K, reserved 1048576K
}

Dll operation events (3 events):
Event: 0.080 Loaded shared library C:\Program Files\Android\Android Studio\jbr\bin\java.dll
Event: 0.113 Loaded shared library C:\Program Files\Android\Android Studio\jbr\bin\zip.dll
Event: 5.416 Loaded shared library C:\Program Files\Android\Android Studio\jbr\bin\verify.dll

Deoptimization events (20 events):
Event: 14.632 Thread 0x000001b9e5ceb340 Uncommon trap: trap_request=0xffffff45 fr.pc=0x000001b9f25c61c8 relative=0x00000000000007c8
Event: 14.632 Thread 0x000001b9e5ceb340 Uncommon trap: reason=unstable_if action=reinterpret pc=0x000001b9f25c61c8 method=java.lang.String.lastIndexOf(II)I @ 4 c2
Event: 14.632 Thread 0x000001b9e5ceb340 DEOPT PACKING pc=0x000001b9f25c61c8 sp=0x0000005b15cf7810
Event: 14.632 Thread 0x000001b9e5ceb340 DEOPT UNPACKING pc=0x000001b9f1f843a2 sp=0x0000005b15cf7710 mode 2
Event: 14.817 Thread 0x000001b9e5ceb340 DEOPT PACKING pc=0x000001b9eabb7443 sp=0x0000005b15cfd920
Event: 14.817 Thread 0x000001b9e5ceb340 DEOPT UNPACKING pc=0x000001b9f1f84b42 sp=0x0000005b15cfcd98 mode 0
Event: 15.117 Thread 0x000001b9e5ceb340 DEOPT PACKING pc=0x000001b9eafbee69 sp=0x0000005b15cfbd40
Event: 15.117 Thread 0x000001b9e5ceb340 DEOPT UNPACKING pc=0x000001b9f1f84b42 sp=0x0000005b15cfb2c0 mode 0
Event: 15.152 Thread 0x000001b9e5ceb340 Uncommon trap: trap_request=0xffffffde fr.pc=0x000001b9f262ae94 relative=0x0000000000000074
Event: 15.152 Thread 0x000001b9e5ceb340 Uncommon trap: reason=class_check action=maybe_recompile pc=0x000001b9f262ae94 method=java.util.Collections$UnmodifiableCollection.size()I @ 4 c2
Event: 15.152 Thread 0x000001b9e5ceb340 DEOPT PACKING pc=0x000001b9f262ae94 sp=0x0000005b15cfe2d0
Event: 15.152 Thread 0x000001b9e5ceb340 DEOPT UNPACKING pc=0x000001b9f1f843a2 sp=0x0000005b15cfe260 mode 2
Event: 15.340 Thread 0x000001b9e5ceb340 Uncommon trap: trap_request=0xffffff45 fr.pc=0x000001b9f2626964 relative=0x00000000000000c4
Event: 15.340 Thread 0x000001b9e5ceb340 Uncommon trap: reason=unstable_if action=reinterpret pc=0x000001b9f2626964 method=java.nio.Buffer.limit(I)Ljava/nio/Buffer; @ 42 c2
Event: 15.340 Thread 0x000001b9e5ceb340 DEOPT PACKING pc=0x000001b9f2626964 sp=0x0000005b15cf87c0
Event: 15.340 Thread 0x000001b9e5ceb340 DEOPT UNPACKING pc=0x000001b9f1f843a2 sp=0x0000005b15cf8748 mode 2
Event: 15.350 Thread 0x000001b9e5ceb340 Uncommon trap: trap_request=0xffffffde fr.pc=0x000001b9f262ae94 relative=0x0000000000000074
Event: 15.350 Thread 0x000001b9e5ceb340 Uncommon trap: reason=class_check action=maybe_recompile pc=0x000001b9f262ae94 method=java.util.Collections$UnmodifiableCollection.size()I @ 4 c2
Event: 15.350 Thread 0x000001b9e5ceb340 DEOPT PACKING pc=0x000001b9f262ae94 sp=0x0000005b15cfe180
Event: 15.350 Thread 0x000001b9e5ceb340 DEOPT UNPACKING pc=0x000001b9f1f843a2 sp=0x0000005b15cfe110 mode 2

Classes loaded (20 events):
Event: 15.257 Loading class jdk/internal/jimage/decompressor/ResourceDecompressor$StringsProvider
Event: 15.258 Loading class jdk/internal/jimage/decompressor/ResourceDecompressor$StringsProvider done
Event: 15.268 Loading class jdk/internal/jimage/decompressor/CompressedResourceHeader
Event: 15.269 Loading class jdk/internal/jimage/decompressor/CompressedResourceHeader done
Event: 15.317 Loading class jdk/internal/jimage/decompressor/ResourceDecompressorRepository
Event: 15.320 Loading class jdk/internal/jimage/decompressor/ResourceDecompressorRepository done
Event: 15.321 Loading class jdk/internal/jimage/decompressor/ZipDecompressorFactory
Event: 15.322 Loading class jdk/internal/jimage/decompressor/ResourceDecompressorFactory
Event: 15.322 Loading class jdk/internal/jimage/decompressor/ResourceDecompressorFactory done
Event: 15.322 Loading class jdk/internal/jimage/decompressor/ZipDecompressorFactory done
Event: 15.322 Loading class jdk/internal/jimage/decompressor/StringSharingDecompressorFactory
Event: 15.322 Loading class jdk/internal/jimage/decompressor/StringSharingDecompressorFactory done
Event: 15.322 Loading class jdk/internal/jimage/decompressor/ZipDecompressor
Event: 15.323 Loading class jdk/internal/jimage/decompressor/ResourceDecompressor
Event: 15.323 Loading class jdk/internal/jimage/decompressor/ResourceDecompressor done
Event: 15.323 Loading class jdk/internal/jimage/decompressor/ZipDecompressor done
Event: 15.324 Loading class sun/net/www/protocol/jrt/Handler
Event: 15.325 Loading class sun/net/www/protocol/jrt/Handler done
Event: 15.472 Loading class java/util/ArrayList$ListItr
Event: 15.474 Loading class java/util/ArrayList$ListItr done

Classes unloaded (0 events):
No events

Classes redefined (0 events):
No events

Internal exceptions (20 events):
Event: 12.701 Thread 0x000001b9e5ceb340 Exception <a 'java/lang/NoSuchMethodError'{0x00000000c6153ff0}: 'java.lang.Object java.lang.invoke.DirectMethodHandle$Holder.invokeStatic(java.lang.Object, java.lang.Object, java.lang.Object, java.lang.Object, java.lang.Object, java.lang.Object, java.lang.Object, java.lang.Object, java.lang.Object, java.lang.Object, java.lang.Object, java.lang.Object, java.lang.Object, java.lang.Object, java.lang.Object, java.lang.Object, java.lang.Object, java.lang.Object, java.lang.Object, java.lang.Object, java.lang.Obj
Event: 12.727 Thread 0x000001b9e5ceb340 Exception <a 'java/lang/NoSuchMethodError'{0x00000000c61c9410}: 'java.lang.Object java.lang.invoke.DirectMethodHandle$Holder.newInvokeSpecial(java.lang.Object, java.lang.Object, java.lang.Object, java.lang.Object, java.lang.Object, java.lang.Object, java.lang.Object, java.lang.Object, java.lang.Object, java.lang.Object, java.lang.Object, java.lang.Object, java.lang.Object)'> (0x00000000c61c9410) 
thrown [s\src\hotspot\share\interpreter\linkResolver.cpp, line 784]
Event: 12.728 Thread 0x000001b9e5ceb340 Exception <a 'java/lang/NoSuchMethodError'{0x00000000c61ce8d8}: 'java.lang.Object java.lang.invoke.DirectMethodHandle$Holder.invokeSpecial(java.lang.Object, java.lang.Object, java.lang.Object, java.lang.Object, java.lang.Object, java.lang.Object, java.lang.Object, java.lang.Object, java.lang.Object, java.lang.Object, java.lang.Object, java.lang.Object, java.lang.Object, java.lang.Object)'> (0x00000000c61ce8d8) 
thrown [s\src\hotspot\share\interpreter\linkResolver.cpp, line 784]
Event: 12.728 Thread 0x000001b9e5ceb340 Exception <a 'java/lang/NoSuchMethodError'{0x00000000c61d2e28}: 'java.lang.Object java.lang.invoke.DelegatingMethodHandle$Holder.reinvoke_L(java.lang.Object, java.lang.Object, java.lang.Object, java.lang.Object, java.lang.Object, java.lang.Object, java.lang.Object, java.lang.Object, java.lang.Object, java.lang.Object, java.lang.Object, java.lang.Object, java.lang.Object)'> (0x00000000c61d2e28) 
thrown [s\src\hotspot\share\interpreter\linkResolver.cpp, line 784]
Event: 12.952 Thread 0x000001b9e5ceb340 Exception <a 'sun/nio/fs/WindowsException'{0x00000000c5dbd300}> (0x00000000c5dbd300) 
thrown [s\src\hotspot\share\prims\jni.cpp, line 537]
Event: 12.953 Thread 0x000001b9e5ceb340 Exception <a 'sun/nio/fs/WindowsException'{0x00000000c5dbd938}> (0x00000000c5dbd938) 
thrown [s\src\hotspot\share\prims\jni.cpp, line 537]
Event: 13.187 Thread 0x000001b9e5ceb340 Exception <a 'sun/nio/fs/WindowsException'{0x00000000c5a45810}> (0x00000000c5a45810) 
thrown [s\src\hotspot\share\prims\jni.cpp, line 537]
Event: 13.187 Thread 0x000001b9e5ceb340 Exception <a 'sun/nio/fs/WindowsException'{0x00000000c5a46420}> (0x00000000c5a46420) 
thrown [s\src\hotspot\share\prims\jni.cpp, line 537]
Event: 13.188 Thread 0x000001b9e5ceb340 Exception <a 'sun/nio/fs/WindowsException'{0x00000000c5a47068}> (0x00000000c5a47068) 
thrown [s\src\hotspot\share\prims\jni.cpp, line 537]
Event: 13.188 Thread 0x000001b9e5ceb340 Exception <a 'sun/nio/fs/WindowsException'{0x00000000c5a47c20}> (0x00000000c5a47c20) 
thrown [s\src\hotspot\share\prims\jni.cpp, line 537]
Event: 13.230 Thread 0x000001b9e5ceb340 Exception <a 'sun/nio/fs/WindowsException'{0x00000000c5a4e050}> (0x00000000c5a4e050) 
thrown [s\src\hotspot\share\prims\jni.cpp, line 537]
Event: 13.286 Thread 0x000001b9e5ceb340 Exception <a 'sun/nio/fs/WindowsException'{0x00000000c5af43a0}> (0x00000000c5af43a0) 
thrown [s\src\hotspot\share\prims\jni.cpp, line 537]
Event: 13.286 Thread 0x000001b9e5ceb340 Exception <a 'sun/nio/fs/WindowsException'{0x00000000c5af5a68}> (0x00000000c5af5a68) 
thrown [s\src\hotspot\share\prims\jni.cpp, line 537]
Event: 13.544 Thread 0x000001b9e5ceb340 Exception <a 'java/lang/NoSuchMethodError'{0x00000000c5633b70}: 'java.lang.Object java.lang.invoke.Invokers$Holder.invokeExact_MT(java.lang.Object, java.lang.Object, long, java.lang.Object)'> (0x00000000c5633b70) 
thrown [s\src\hotspot\share\interpreter\linkResolver.cpp, line 784]
Event: 13.932 Thread 0x000001b9e5ceb340 Implicit null exception at 0x000001b9f26130e3 to 0x000001b9f2613179
Event: 15.098 Thread 0x000001b9e5ceb340 Exception <a 'sun/nio/fs/WindowsException'{0x00000000c435fb80}> (0x00000000c435fb80) 
thrown [s\src\hotspot\share\prims\jni.cpp, line 537]
Event: 15.153 Thread 0x000001b9e5ceb340 Exception <a 'java/lang/NoSuchMethodError'{0x00000000c4245248}: 'java.lang.Object java.lang.invoke.DirectMethodHandle$Holder.invokeSpecialIFC(java.lang.Object, java.lang.Object, java.lang.Object, java.lang.Object)'> (0x00000000c4245248) 
thrown [s\src\hotspot\share\interpreter\linkResolver.cpp, line 784]
Event: 15.549 Thread 0x000001b9e5ceb340 Exception <a 'java/lang/NoSuchMethodError'{0x00000000c3f63f08}: 'java.lang.Object java.lang.invoke.DirectMethodHandle$Holder.newInvokeSpecial(java.lang.Object, java.lang.Object, java.lang.Object, int)'> (0x00000000c3f63f08) 
thrown [s\src\hotspot\share\interpreter\linkResolver.cpp, line 784]
Event: 15.550 Thread 0x000001b9e5ceb340 Exception <a 'java/lang/NoSuchMethodError'{0x00000000c3f68048}: 'java.lang.Object java.lang.invoke.DirectMethodHandle$Holder.invokeSpecial(java.lang.Object, java.lang.Object, java.lang.Object, java.lang.Object, int)'> (0x00000000c3f68048) 
thrown [s\src\hotspot\share\interpreter\linkResolver.cpp, line 784]
Event: 15.550 Thread 0x000001b9e5ceb340 Exception <a 'java/lang/NoSuchMethodError'{0x00000000c3f6b790}: 'java.lang.Object java.lang.invoke.Invokers$Holder.linkToTargetMethod(java.lang.Object, java.lang.Object, int, java.lang.Object)'> (0x00000000c3f6b790) 
thrown [s\src\hotspot\share\interpreter\linkResolver.cpp, line 784]

ZGC Phase Switch (0 events):
No events

VM Operations (20 events):
Event: 12.513 Executing safepoint VM operation: G1PauseCleanup
Event: 12.513 Executing safepoint VM operation: G1PauseCleanup done
Event: 13.252 Executing non-safepoint VM operation: HandshakeAllThreads (Deoptimize)
Event: 13.252 Executing non-safepoint VM operation: HandshakeAllThreads (Deoptimize) done
Event: 13.994 Executing non-safepoint VM operation: HandshakeAllThreads (Deoptimize)
Event: 13.994 Executing non-safepoint VM operation: HandshakeAllThreads (Deoptimize) done
Event: 13.994 Executing safepoint VM operation: Cleanup
Event: 13.995 Executing safepoint VM operation: Cleanup done
Event: 14.138 Executing non-safepoint VM operation: HandshakeAllThreads (Deoptimize)
Event: 14.138 Executing non-safepoint VM operation: HandshakeAllThreads (Deoptimize) done
Event: 14.236 Executing non-safepoint VM operation: HandshakeAllThreads (Deoptimize)
Event: 14.236 Executing non-safepoint VM operation: HandshakeAllThreads (Deoptimize) done
Event: 14.328 Executing non-safepoint VM operation: HandshakeAllThreads (Deoptimize)
Event: 14.328 Executing non-safepoint VM operation: HandshakeAllThreads (Deoptimize) done
Event: 14.657 Executing non-safepoint VM operation: HandshakeAllThreads (Deoptimize)
Event: 14.657 Executing non-safepoint VM operation: HandshakeAllThreads (Deoptimize) done
Event: 15.477 Executing non-safepoint VM operation: HandshakeAllThreads (Deoptimize)
Event: 15.477 Executing non-safepoint VM operation: HandshakeAllThreads (Deoptimize) done
Event: 15.477 Executing safepoint VM operation: Cleanup
Event: 15.477 Executing safepoint VM operation: Cleanup done

Memory protections (0 events):
No events

Nmethod flushes (20 events):
Event: 11.391 Thread 0x000001b9fe2bcd50 flushing  nmethod 0x000001b9eaaa5610
Event: 11.391 Thread 0x000001b9fe2bcd50 flushing  nmethod 0x000001b9eaab2c10
Event: 11.391 Thread 0x000001b9fe2bcd50 flushing  nmethod 0x000001b9eab29590
Event: 11.391 Thread 0x000001b9fe2bcd50 flushing  nmethod 0x000001b9eac17d90
Event: 11.391 Thread 0x000001b9fe2bcd50 flushing  nmethod 0x000001b9eac36990
Event: 11.391 Thread 0x000001b9fe2bcd50 flushing  nmethod 0x000001b9eac6a310
Event: 11.391 Thread 0x000001b9fe2bcd50 flushing  nmethod 0x000001b9eac6f690
Event: 11.391 Thread 0x000001b9fe2bcd50 flushing  nmethod 0x000001b9eaca3190
Event: 11.391 Thread 0x000001b9fe2bcd50 flushing  nmethod 0x000001b9eace0b10
Event: 11.391 Thread 0x000001b9fe2bcd50 flushing  nmethod 0x000001b9eace2690
Event: 11.391 Thread 0x000001b9fe2bcd50 flushing  nmethod 0x000001b9eace2a10
Event: 11.391 Thread 0x000001b9fe2bcd50 flushing  nmethod 0x000001b9ead0a410
Event: 11.391 Thread 0x000001b9fe2bcd50 flushing  nmethod 0x000001b9ead35010
Event: 11.391 Thread 0x000001b9fe2bcd50 flushing  nmethod 0x000001b9eadf0310
Event: 12.496 Thread 0x000001b9fe2bcd50 flushing  nmethod 0x000001b9eaaa3290
Event: 12.496 Thread 0x000001b9fe2bcd50 flushing  nmethod 0x000001b9eaaab590
Event: 12.496 Thread 0x000001b9fe2bcd50 flushing  nmethod 0x000001b9eaa24f90
Event: 12.496 Thread 0x000001b9fe2bcd50 flushing  nmethod 0x000001b9eaa49190
Event: 12.496 Thread 0x000001b9fe2bcd50 flushing  nmethod 0x000001b9eaa5f110
Event: 12.496 Thread 0x000001b9fe2bcd50 flushing  nmethod 0x000001b9eab66d10

Events (15 events):
Event: 0.105 Thread 0x000001b9e5ceb340 Thread added: 0x000001b9e5ceb340
Event: 0.545 Thread 0x000001b9e5ceb340 Thread added: 0x000001b9fe40b690
Event: 0.562 Thread 0x000001b9e5ceb340 Thread added: 0x000001b9fe43aab0
Event: 0.562 Thread 0x000001b9e5ceb340 Thread added: 0x000001b9fe45b700
Event: 0.566 Thread 0x000001b9e5ceb340 Thread added: 0x000001b9fe45ef00
Event: 0.566 Thread 0x000001b9e5ceb340 Thread added: 0x000001b9fe45f960
Event: 0.566 Thread 0x000001b9e5ceb340 Thread added: 0x000001b9fe460f30
Event: 0.567 Thread 0x000001b9e5ceb340 Thread added: 0x000001b9fe46dc70
Event: 0.567 Thread 0x000001b9e5ceb340 Thread added: 0x000001b9fe4710f0
Event: 0.567 Thread 0x000001b9e5ceb340 Thread added: 0x000001b9fe471b90
Event: 0.800 Thread 0x000001b9e5ceb340 Thread added: 0x000001b9fe614b40
Event: 0.862 Loaded shared library C:\Program Files\Android\Android Studio\jbr\bin\net.dll
Event: 0.883 Loaded shared library C:\Program Files\Android\Android Studio\jbr\bin\nio.dll
Event: 1.036 Loaded shared library C:\Program Files\Android\Android Studio\jbr\bin\zip.dll
Event: 1.119 Loaded shared library C:\Program Files\Android\Android Studio\jbr\bin\jimage.dll


Dynamic libraries:
0x00007ff7ab730000 - 0x00007ff7ab73a000 	C:\Program Files\Android\Android Studio\jbr\bin\java.exe
0x00007ffeb1e00000 - 0x00007ffeb2066000 	C:\WINDOWS\SYSTEM32\ntdll.dll
0x00007ffeb07b0000 - 0x00007ffeb0879000 	C:\WINDOWS\System32\KERNEL32.DLL
0x00007ffeaf1f0000 - 0x00007ffeaf5ea000 	C:\WINDOWS\System32\KERNELBASE.dll
0x00007ffeac0d0000 - 0x00007ffeac170000 	C:\WINDOWS\SYSTEM32\apphelp.dll
0x00007ffeaf770000 - 0x00007ffeaf8bc000 	C:\WINDOWS\System32\ucrtbase.dll
0x00007ffea8330000 - 0x00007ffea8348000 	C:\Program Files\Android\Android Studio\jbr\bin\jli.dll
0x00007ffe82cf0000 - 0x00007ffe82d0b000 	C:\Program Files\Android\Android Studio\jbr\bin\VCRUNTIME140.dll
0x00007ffeb12e0000 - 0x00007ffeb14a7000 	C:\WINDOWS\System32\USER32.dll
0x00007ffeaf950000 - 0x00007ffeaf977000 	C:\WINDOWS\System32\win32u.dll
0x00007ffeafb70000 - 0x00007ffeafb9b000 	C:\WINDOWS\System32\GDI32.dll
0x00007ffeaf980000 - 0x00007ffeafaab000 	C:\WINDOWS\System32\gdi32full.dll
0x00007ffeaf140000 - 0x00007ffeaf1e3000 	C:\WINDOWS\System32\msvcp_win.dll
0x00007ffe94f90000 - 0x00007ffe95222000 	C:\WINDOWS\WinSxS\amd64_microsoft.windows.common-controls_6595b64144ccf1df_6.0.26100.8521_none_3e08b75ce33403b3\COMCTL32.dll
0x00007ffeb0c70000 - 0x00007ffeb0d19000 	C:\WINDOWS\System32\msvcrt.dll
0x00007ffeafba0000 - 0x00007ffeafbd2000 	C:\WINDOWS\System32\IMM32.DLL
0x00007ffe8bc60000 - 0x00007ffe8bc6c000 	C:\Program Files\Android\Android Studio\jbr\bin\vcruntime140_1.dll
0x00007ffe51270000 - 0x00007ffe512fd000 	C:\Program Files\Android\Android Studio\jbr\bin\msvcp140.dll
0x00007ffe47550000 - 0x00007ffe481e6000 	C:\Program Files\Android\Android Studio\jbr\bin\server\jvm.dll
0x00007ffeb0f00000 - 0x00007ffeb0fb6000 	C:\WINDOWS\System32\ADVAPI32.dll
0x00007ffeafbf0000 - 0x00007ffeafc9a000 	C:\WINDOWS\System32\sechost.dll
0x00007ffeb1bd0000 - 0x00007ffeb1ce8000 	C:\WINDOWS\System32\RPCRT4.dll
0x00007ffeb05c0000 - 0x00007ffeb0640000 	C:\WINDOWS\System32\WS2_32.dll
0x00007ffeaef10000 - 0x00007ffeaef6e000 	C:\WINDOWS\SYSTEM32\POWRPROF.dll
0x00007ffea0b50000 - 0x00007ffea0b86000 	C:\WINDOWS\SYSTEM32\WINMM.dll
0x00007ffea5450000 - 0x00007ffea545b000 	C:\WINDOWS\SYSTEM32\VERSION.dll
0x00007ffeaeef0000 - 0x00007ffeaef04000 	C:\WINDOWS\SYSTEM32\UMPDC.dll
0x00007ffeade20000 - 0x00007ffeade3b000 	C:\WINDOWS\SYSTEM32\kernel.appcore.dll
0x00007ffe8b420000 - 0x00007ffe8b42a000 	C:\Program Files\Android\Android Studio\jbr\bin\jimage.dll
0x00007ffe63270000 - 0x00007ffe634b2000 	C:\WINDOWS\SYSTEM32\DBGHELP.DLL
0x00007ffeb0880000 - 0x00007ffeb0c03000 	C:\WINDOWS\System32\combase.dll
0x00007ffeb0650000 - 0x00007ffeb0729000 	C:\WINDOWS\System32\OLEAUT32.dll
0x00007ffea8230000 - 0x00007ffea826b000 	C:\WINDOWS\SYSTEM32\dbgcore.DLL
0x00007ffeaf090000 - 0x00007ffeaf138000 	C:\WINDOWS\System32\bcryptPrimitives.dll
0x00007ffe82cd0000 - 0x00007ffe82cf0000 	C:\Program Files\Android\Android Studio\jbr\bin\java.dll
0x00007ffe81aa0000 - 0x00007ffe81ab8000 	C:\Program Files\Android\Android Studio\jbr\bin\zip.dll
0x00007ffeafdb0000 - 0x00007ffeb0534000 	C:\WINDOWS\System32\SHELL32.dll
0x00007ffeacc90000 - 0x00007ffead510000 	C:\WINDOWS\SYSTEM32\windows.storage.dll
0x00007ffeb1120000 - 0x00007ffeb1216000 	C:\WINDOWS\System32\SHCORE.dll
0x00007ffeb0550000 - 0x00007ffeb05b7000 	C:\WINDOWS\System32\shlwapi.dll
0x00007ffeaefb0000 - 0x00007ffeaefd9000 	C:\WINDOWS\SYSTEM32\profapi.dll
0x00007ffe8ade0000 - 0x00007ffe8adf0000 	C:\Program Files\Android\Android Studio\jbr\bin\net.dll
0x00007ffea57c0000 - 0x00007ffea58e9000 	C:\WINDOWS\SYSTEM32\WINHTTP.dll
0x00007ffeae390000 - 0x00007ffeae3fc000 	C:\WINDOWS\system32\mswsock.dll
0x00007ffe81a80000 - 0x00007ffe81a96000 	C:\Program Files\Android\Android Studio\jbr\bin\nio.dll
0x00007ffea8310000 - 0x00007ffea8320000 	C:\Program Files\Android\Android Studio\jbr\bin\verify.dll

JVMTI agents: none

dbghelp: loaded successfully - version: 4.0.5 - missing functions: none
symbol engine: initialized successfully - sym options: 0x614 - pdb path: .;C:\Program Files\Android\Android Studio\jbr\bin;C:\WINDOWS\SYSTEM32;C:\WINDOWS\WinSxS\amd64_microsoft.windows.common-controls_6595b64144ccf1df_6.0.26100.8521_none_3e08b75ce33403b3;C:\Program Files\Android\Android Studio\jbr\bin\server

VM Arguments:
java_command: org.jetbrains.kotlin.cli.jvm.K2JVMCompiler @C:\Users\Admin\AndroidStudioProjects\MyApplication\app\build\20260618_17088211719843102490.compiler.options
java_class_path (initial): C:\Users\Admin\.gradle\caches\modules-2\files-2.1\org.jetbrains.kotlin\kotlin-compiler-embeddable\2.0.21\79346ed53db48b18312a472602eb5c057070c54d\kotlin-compiler-embeddable-2.0.21.jar;C:\Users\Admin\.gradle\caches\modules-2\files-2.1\org.jetbrains.kotlin\kotlin-stdlib\2.0.21\618b539767b4899b4660a83006e052b63f1db551\kotlin-stdlib-2.0.21.jar;C:\Users\Admin\.gradle\caches\modules-2\files-2.1\org.jetbrains.kotlin\kotlin-script-runtime\2.0.21\c9b044380ad41f89aa89aa896c2d32a8c0b2129d\kotlin-script-runtime-2.0.21.jar;C:\Users\Admin\.gradle\caches\modules-2\files-2.1\org.jetbrains.kotlin\kotlin-reflect\1.6.10\1cbe9c92c12a94eea200d23c2bbaedaf3daf5132\kotlin-reflect-1.6.10.jar;C:\Users\Admin\.gradle\caches\modules-2\files-2.1\org.jetbrains.kotlin\kotlin-daemon-embeddable\2.0.21\c9e933b23287de9b5a17e2116b4657bb91aea72c\kotlin-daemon-embeddable-2.0.21.jar;C:\Users\Admin\.gradle\caches\modules-2\files-2.1\org.jetbrains.intellij.deps\trove4j\1.0.20200330\3afb14d5f9ceb459d724e907a21145e8ff394f02\trove4j-1.0.20200330.jar;C:\Users\Admin\.gradle\caches\modules-2\files-2.1\org.jetbrains.kotlinx\kotlinx-coroutines-core-jvm\1.6.4\2c997cd1c0ef33f3e751d3831929aeff1390cb30\kotlinx-coroutines-core-jvm-1.6.4.jar;C:\Users\Admin\.gradle\caches\modules-2\files-2.1\org.jetbrains\annotations\13.0\919f0dfe192fb4e063e7dacadee7f8bb9a2672a9\annotations-13.0.jar
Launcher Type: SUN_STANDARD

[Global flags]
     intx CICompilerCount                          = 4                                         {product} {ergonomic}
     uint ConcGCThreads                            = 2                                         {product} {ergonomic}
     uint G1ConcRefinementThreads                  = 8                                         {product} {ergonomic}
   size_t G1HeapRegionSize                         = 1048576                                   {product} {ergonomic}
    uintx GCDrainStackTargetSize                   = 64                                        {product} {ergonomic}
   size_t InitialHeapSize                          = 67108864                                  {product} {ergonomic}
   size_t MarkStackSize                            = 4194304                                   {product} {ergonomic}
   size_t MaxHeapSize                              = 1042284544                                {product} {ergonomic}
   size_t MaxNewSize                               = 624951296                                 {product} {ergonomic}
   size_t MinHeapDeltaBytes                        = 1048576                                   {product} {ergonomic}
   size_t MinHeapSize                              = 8388608                                   {product} {ergonomic}
    uintx NonNMethodCodeHeapSize                   = 5839372                                {pd product} {ergonomic}
    uintx NonProfiledCodeHeapSize                  = 122909434                              {pd product} {ergonomic}
    uintx ProfiledCodeHeapSize                     = 122909434                              {pd product} {ergonomic}
    uintx ReservedCodeCacheSize                    = 251658240                              {pd product} {ergonomic}
     bool SegmentedCodeCache                       = true                                      {product} {ergonomic}
   size_t SoftMaxHeapSize                          = 1042284544                             {manageable} {ergonomic}
     bool UseCompressedOops                        = true                           {product lp64_product} {ergonomic}
     bool UseG1GC                                  = true                                      {product} {ergonomic}
     bool UseLargePagesIndividualAllocation        = false                                  {pd product} {ergonomic}

Logging:
Log output configuration:
 #0: stdout all=warning uptime,level,tags foldmultilines=false
 #1: stderr all=off uptime,level,tags foldmultilines=false

Release file:
JAVA_VERSION="21.0.10" 
MODULES="java.base java.compiler java.datatransfer java.xml java.prefs java.desktop java.instrument java.logging java.management java.security.sasl java.naming java.rmi java.management.rmi java.net.http java.scripting java.security.jgss java.transaction.xa java.sql java.sql.rowset java.xml.crypto java.se java.smartcardio jdk.accessibility jdk.internal.jvmstat jdk.attach jdk.charsets jdk.internal.opt jdk.zipfs jdk.compiler jdk.crypto.ec jdk.crypto.cryptoki jdk.dynalink jdk.hotspot.agent jdk.httpserver jdk.internal.ed jdk.internal.le jdk.internal.vm.ci jdk.jartool jdk.javadoc jdk.jcmd jdk.jdeps jdk.jdwp.agent jdk.jdi jdk.jfr jdk.jlink jdk.jsobject jdk.localedata jdk.management jdk.management.agent jdk.management.jfr jdk.naming.dns jdk.naming.rmi jdk.net jdk.sctp jdk.security.auth jdk.security.jgss jdk.unsupported jdk.unsupported.desktop jdk.xml.dom" 
IMPLEMENTOR="JetBrains s.r.o." 
JAVA_RUNTIME_VERSION="21.0.10+-14961533-b1163.108" 
LIBC="default" 
OS_ARCH="x86_64" 
OS_NAME="Windows" 
SOURCE=".:git:1351622c2ff2" 

Environment Variables:
PATH=C:\Program Files\Google\Chrome\Application;F:\oracle\product\10.2.0\db_3\bin;C:\oraclexe\app\oracle\product\10.2.0\server\bin;C:\Program Files (x86)\Common Files\Oracle\Java\javapath;C:\WINDOWS\system32;C:\WINDOWS;C:\WINDOWS\System32\Wbem;C:\WINDOWS\System32\WindowsPowerShell\v1.0\;C:\WINDOWS\System32\OpenSSH\;C:\Users\Admin\.local\bin;C:\Users\Admin\AppData\Local\Microsoft\WindowsApps;C:\Users\Admin\AppData\Local\Programs\Microsoft VS Code\bin
USERNAME=Admin
OS=Windows_NT
PROCESSOR_IDENTIFIER=Intel64 Family 6 Model 142 Stepping 10, GenuineIntel
TMP=C:\Users\Admin\AppData\Local\Temp
TEMP=C:\Users\Admin\AppData\Local\Temp




Periodic native trim disabled

JNI global refs:
JNI global refs: 8, weak refs: 0

JNI global refs memory usage: 835, weak refs: 833

Process memory usage:
Resident Set Size: 28144K (0% of 4068580K total physical memory with 18384K free physical memory)

OOME stack traces (most recent first):
Classloader memory used:
Loader jdk.internal.loader.ClassLoaders$AppClassLoader                                 : 35499K
Loader bootstrap                                                                       : 12512K
Loader java.net.URLClassLoader                                                         : 2203K
Loader jdk.internal.loader.ClassLoaders$PlatformClassLoader                            : 6880B

---------------  S Y S T E M  ---------------

OS:
 Windows 11 , 64 bit Build 26100 (10.0.26100.8521)
OS uptime: 1 days 21:16 hours

CPU: total 8 (initial active 8) (4 cores per cpu, 2 threads per core) family 6 model 142 stepping 10 microcode 0xe0, cx8, cmov, fxsr, ht, mmx, 3dnowpref, sse, sse2, sse3, ssse3, sse4.1, sse4.2, popcnt, lzcnt, tsc, tscinvbit, avx, avx2, aes, erms, clmul, bmi1, bmi2, adx, fma, vzeroupper, clflush, clflushopt, rdtscp, f16c
Processor Information for the first 8 processors :
  Max Mhz: 1800, Current Mhz: 1600, Mhz Limit: 1584

Memory: 4k page, system-wide physical 3973M (14M free)
TotalPageFile size 16261M (AvailPageFile size 12M)
current process WorkingSet (physical memory assigned to process): 43M, peak: 173M
current process commit charge ("private bytes"): 235M, peak: 244M

vm_info: OpenJDK 64-Bit Server VM (21.0.10+-14961533-b1163.108) for windows-amd64 JRE (21.0.10+-14961533-b1163.108), built on 2026-03-02T19:58:50Z by "builder" with MS VC++ 16.10 / 16.11 (VS2019)

END.
